<?xml version="1.0" encoding="UTF-8"?>
<testsuite xmlns:xsi="http://www.w3.org/2001/XMLSchema-instance" xsi:noNamespaceSchemaLocation="https://maven.apache.org/surefire/maven-surefire-plugin/xsd/surefire-test-report.xsd" version="3.0.2" name="usuario.usuario.service.UserServiceTest" time="15.164" tests="4" errors="0" skipped="0" failures="0" flakes="0">
  <properties>
[...]
</properties>
  <testcase name="debeEliminarUnUsuario" classname="usuario.usuario.service.UserServiceTest" time="1.201">
    <system-out><![CDATA[03:54:08.732 [main] INFO org.springframework.test.context.support.AnnotationConfigContextLoaderUtils -- Could not detect default configuration classes for test class [usuario.usuario.service.UserServiceTest]: UserServiceTest does not declare any static, non-private, non-final, nested classes annotated with @Configuration.
03:54:09.242 [main] INFO org.springframework.boot.test.context.SpringBootTestContextBootstrapper -- Found @SpringBootConfiguration usuario.usuario.UsuarioApplication for test class usuario.usuario.service.UserServiceTest
03:54:09.508 [main] INFO org.springframework.test.context.support.AnnotationConfigContextLoaderUtils -- Could not detect default configuration classes for test class [usuario.usuario.service.UserServiceTest]: UserServiceTest does not declare any static, non-private, non-final, nested classes annotated with @Configuration.
03:54:09.511 [main] INFO org.springframework.boot.test.context.SpringBootTestContextBootstrapper -- Found @SpringBootConfiguration usuario.usuario.UsuarioApplication for test class usuario.usuario.service.UserServiceTest

  .   ____          _            __ _ _
 /\\ / ___'_ __ _ _(_)_ __  __ _ \ \ \ \
( ( )\___ | '_ | '_| | '_ \/ _` | \ \ \ \
 \\/  ___)| |_)| | | | | || (_| |  ) ) ) )
  '  |____| .__|_| |_|_| |_\__, | / / / /
 =========|_|==============|___/=/_/_/_/

 :: Spring Boot ::                (v4.0.6)

2026-05-22T03:54:10.415-04:00  INFO 33160 --- [Fullstack_lll] [           main] u.usuario.service.UserServiceTest        : Starting UserServiceTest using Java 21.0.7 with PID 33160 (started by Asus in C:\Users\Asus\fs3\Fullstack-lll\usuario)
2026-05-22T03:54:10.425-04:00  INFO 33160 --- [Fullstack_lll] [           main] u.usuario.service.UserServiceTest        : The following 1 profile is active: "test"
2026-05-22T03:54:12.526-04:00  INFO 33160 --- [Fullstack_lll] [           main] .s.d.r.c.RepositoryConfigurationDelegate : Bootstrapping Spring Data JPA repositories in DEFAULT mode.
2026-05-22T03:54:12.631-04:00  INFO 33160 --- [Fullstack_lll] [           main] .s.d.r.c.RepositoryConfigurationDelegate : Finished Spring Data repository scanning in 86 ms. Found 1 JPA repository interface.
2026-05-22T03:54:13.962-04:00  INFO 33160 --- [Fullstack_lll] [           main] org.hibernate.orm.jpa                    : HHH008540: Processing PersistenceUnitInfo [name: default]
2026-05-22T03:54:14.174-04:00  INFO 33160 --- [Fullstack_lll] [           main] org.hibernate.orm.core                   : HHH000001: Hibernate ORM core version 7.2.12.Final
2026-05-22T03:54:15.806-04:00  INFO 33160 --- [Fullstack_lll] [           main] o.s.o.j.p.SpringPersistenceUnitInfo      : No LoadTimeWeaver setup: ignoring JPA class transformer
2026-05-22T03:54:15.869-04:00  INFO 33160 --- [Fullstack_lll] [           main] com.zaxxer.hikari.HikariDataSource       : HikariPool-1 - Starting...
2026-05-22T03:54:16.640-04:00  INFO 33160 --- [Fullstack_lll] [           main] com.zaxxer.hikari.pool.HikariPool        : HikariPool-1 - Added connection com.mysql.cj.jdbc.ConnectionImpl@12eaa2cd
2026-05-22T03:54:16.644-04:00  INFO 33160 --- [Fullstack_lll] [           main] com.zaxxer.hikari.HikariDataSource       : HikariPool-1 - Start completed.
2026-05-22T03:54:16.776-04:00  WARN 33160 --- [Fullstack_lll] [           main] org.hibernate.orm.deprecation            : HHH90000025: MySQLDialect does not need to be specified explicitly using 'hibernate.dialect' (remove the property setting and it will be selected by default)
2026-05-22T03:54:16.830-04:00  INFO 33160 --- [Fullstack_lll] [           main] org.hibernate.orm.connections.pooling    : HHH10001005: Database info:
	Database JDBC URL [jdbc:mysql://localhost:3306/user]
	Database driver: MySQL Connector/J
	Database dialect: MySQLDialect
	Database version: 8.4.3
	Default catalog/schema: user/undefined
	Autocommit mode: undefined/unknown
	Isolation level: REPEATABLE_READ [default REPEATABLE_READ]
	JDBC fetch size: none
	Pool: DataSourceConnectionProvider
	Minimum pool size: undefined/unknown
	Maximum pool size: undefined/unknown
2026-05-22T03:54:18.529-04:00  INFO 33160 --- [Fullstack_lll] [           main] org.hibernate.orm.core                   : HHH000489: No JTA platform available (set 'hibernate.transaction.jta.platform' to enable JTA platform integration)
2026-05-22T03:54:18.682-04:00  INFO 33160 --- [Fullstack_lll] [           main] j.LocalContainerEntityManagerFactoryBean : Initialized JPA EntityManagerFactory for persistence unit 'default'
2026-05-22T03:54:18.874-04:00  INFO 33160 --- [Fullstack_lll] [           main] o.s.d.j.r.query.QueryEnhancerFactories   : Hibernate is in classpath; If applicable, HQL parser will be used.
2026-05-22T03:54:19.785-04:00  WARN 33160 --- [Fullstack_lll] [           main] JpaBaseConfiguration$JpaWebConfiguration : spring.jpa.open-in-view is enabled by default. Therefore, database queries may be performed during view rendering. Explicitly configure spring.jpa.open-in-view to disable this warning
2026-05-22T03:54:21.471-04:00  INFO 33160 --- [Fullstack_lll] [           main] o.s.b.a.e.web.EndpointLinksResolver      : Exposing 1 endpoint beneath base path '/actuator'
2026-05-22T03:54:21.645-04:00  INFO 33160 --- [Fullstack_lll] [           main] u.usuario.service.UserServiceTest        : Started UserServiceTest in 11.985 seconds (process running for 15.248)
Hibernate: select um1_0.id,um1_0.correo,um1_0.nombres,um1_0.password from usuario um1_0
Hibernate: delete from usuario where id=?
Hibernate: insert into usuario (correo,nombres,password) values (?,?,?)
Hibernate: select um1_0.id,um1_0.correo,um1_0.nombres,um1_0.password from usuario um1_0 where um1_0.id=?
Hibernate: delete from usuario where id=?
Hibernate: select um1_0.id,um1_0.correo,um1_0.nombres,um1_0.password from usuario um1_0 where um1_0.id=?
]]></system-out>
    <system-err><![CDATA[Mockito is currently self-attaching to enable the inline-mock-maker. This will no longer work in future releases of the JDK. Please add Mockito as an agent to your build as described in Mockito's documentation: https://javadoc.io/doc/org.mockito/mockito-core/latest/org.mockito/org/mockito/Mockito.html#0.3
WARNING: A Java agent has been loaded dynamically (C:\Users\Asus\.m2\repository\net\bytebuddy\byte-buddy-agent\1.17.8\byte-buddy-agent-1.17.8.jar)
WARNING: If a serviceability tool is in use, please run with -XX:+EnableDynamicAgentLoading to hide this warning
WARNING: If a serviceability tool is not in use, please run with -Djdk.instrument.traceUsage for more information
WARNING: Dynamic loading of agents will be disallowed by default in a future release
]]></system-err>
  </testcase>
  <testcase name="debeGuardarYBuscarUnUsuario" classname="usuario.usuario.service.UserServiceTest" time="0.036">
    <system-out><![CDATA[Hibernate: select um1_0.id,um1_0.correo,um1_0.nombres,um1_0.password from usuario um1_0
Hibernate: insert into usuario (correo,nombres,password) values (?,?,?)
Hibernate: select um1_0.id,um1_0.correo,um1_0.nombres,um1_0.password from usuario um1_0 where um1_0.id=?
]]></system-out>
  </testcase>
  <testcase name="debeListarTodosLosUsuarios" classname="usuario.usuario.service.UserServiceTest" time="0.049">
    <system-out><![CDATA[Hibernate: select um1_0.id,um1_0.correo,um1_0.nombres,um1_0.password from usuario um1_0
Hibernate: delete from usuario where id=?
Hibernate: insert into usuario (correo,nombres,password) values (?,?,?)
Hibernate: insert into usuario (correo,nombres,password) values (?,?,?)
Hibernate: select um1_0.id,um1_0.correo,um1_0.nombres,um1_0.password from usuario um1_0
]]></system-out>
  </testcase>
  <testcase name="debeRetornarNullSiElUsuarioNoExiste" classname="usuario.usuario.service.UserServiceTest" time="0.042">
    <system-out><![CDATA[Hibernate: select um1_0.id,um1_0.correo,um1_0.nombres,um1_0.password from usuario um1_0
Hibernate: delete from usuario where id=?
Hibernate: delete from usuario where id=?
Hibernate: select um1_0.id,um1_0.correo,um1_0.nombres,um1_0.password from usuario um1_0 where um1_0.id=?
]]></system-out>
  </testcase>
</testsuite>